<?xml version="1.0" encoding="utf-8"?><testsuites name="pytest tests"><testsuite name="pytest" errors="0" failures="0" skipped="0" tests="34" time="1.714" timestamp="2026-08-14T15:57:33.409030+00:00" hostname="agent-env-7c86d851-259e-473b-989f-34aa8ff73841"><testcase classname="backend.tests.test_iter96_observatory_founder" name="test_access_endpoint_unauthenticated" time="0.157" /><testcase classname="backend.tests.test_iter96_observatory_founder" name="test_founder_only_endpoints_return_401[/api/observatory/signals]" time="0.044" /><testcase classname="backend.tests.test_iter96_observatory_founder" name="test_founder_only_endpoints_return_401[/api/observatory/badges]" time="0.031" /><testcase classname="backend.tests.test_iter96_observatory_founder" name="test_founder_only_endpoints_return_401[/api/observatory/conversion]" time="0.074" /><testcase classname="backend.tests.test_iter96_observatory_founder" name="test_founder_only_endpoints_return_401[/api/observatory/network]" time="0.033" /><testcase classname="backend.tests.test_iter96_observatory_founder" name="test_founder_only_endpoints_return_401[/api/observatory/diffusion]" time="0.073" /><testcase classname="backend.tests.test_iter96_observatory_founder" name="test_founder_only_endpoints_return_401[/api/observatory/live]" time="0.038" /><testcase classname="backend.tests.test_iter96_observatory_founder" name="test_founder_only_endpoints_return_401[/api/observatory/mgraph]" time="0.034" /><testcase classname="backend.tests.test_iter96_observatory_founder" name="test_public_observatory_endpoints_ok[/api/observatory/public/now-expected_keys0]" time="0.046" /><testcase classname="backend.tests.test_iter96_observatory_founder" name="test_public_observatory_endpoints_ok[/api/observatory/memory-expected_keys1]" time="0.039" /><testcase classname="backend.tests.test_iter96_observatory_founder" name="test_public_observatory_endpoints_ok[/api/observatory/timeline?days=365-expected_keys2]" time="0.044" /><testcase classname="backend.tests.test_iter96_observatory_founder" name="test_public_observatory_endpoints_ok[/api/observatory/event-types?days=180-expected_keys3]" time="0.040" /><testcase classname="backend.tests.test_iter96_observatory_founder" name="test_public_observatory_endpoints_ok[/api/observatory/territories-expected_keys4]" time="0.073" /><testcase classname="backend.tests.test_iter96_observatory_founder" name="test_public_observatory_endpoints_ok[/api/observatory/actors?limit=20-expected_keys5]" time="0.033" /><testcase classname="backend.tests.test_iter96_observatory_founder" name="test_public_observatory_endpoints_ok[/api/observatory/sessions?days=30-expected_keys6]" time="0.082" /><testcase classname="backend.tests.test_iter96_observatory_founder" name="test_public_now_has_digital_memory_fields" time="0.079" /><testcase classname="backend.tests.test_iter96_observatory_founder" name="test_memory_has_sources" time="0.079" /><testcase classname="backend.tests.test_iter96_observatory_founder" name="test_timeline_not_empty_with_sources" time="0.044" /><testcase classname="backend.tests.test_iter96_observatory_founder" name="test_event_types_share" time="0.086" /><testcase classname="backend.tests.test_iter96_observatory_founder" name="test_actors" time="0.034" /><testcase classname="backend.tests.test_iter96_observatory_founder" name="test_sessions" time="0.040" /><testcase classname="backend.tests.test_iter96_observatory_founder" name="test_public_routes_200[/]" time="0.031" /><testcase classname="backend.tests.test_iter96_observatory_founder" name="test_public_routes_200[/a-propos]" time="0.037" /><testcase classname="backend.tests.test_iter96_observatory_founder" name="test_public_routes_200[/now]" time="0.039" /><testcase classname="backend.tests.test_iter96_observatory_founder" name="test_public_routes_200[/culture-connect]" time="0.032" /><testcase classname="backend.tests.test_iter96_observatory_founder" name="test_public_routes_200[/culture-connect/2026]" time="0.037" /><testcase classname="backend.tests.test_iter96_observatory_founder" name="test_public_routes_200[/culture-connect/2027]" time="0.037" /><testcase classname="backend.tests.test_iter96_observatory_founder" name="test_public_routes_200[/rejoindre]" time="0.037" /><testcase classname="backend.tests.test_iter96_observatory_founder" name="test_public_routes_200[/contact]" time="0.048" /><testcase classname="backend.tests.test_iter96_observatory_founder" name="test_public_routes_200[/observatory]" time="0.029" /><testcase classname="backend.tests.test_iter96_observatory_founder" name="test_public_routes_200[/infrastructure]" time="0.032" /><testcase classname="backend.tests.test_iter96_observatory_founder" name="test_observatory_founder_route_200_shows_gate" time="0.033" /><testcase classname="backend.tests.test_iter96_observatory_founder" name="test_no_hardcoded_password_in_observatory_route" time="0.000" /><testcase classname="backend.tests.test_iter96_observatory_founder" name="test_data_persistence_unchanged" time="0.036" /></testsuite></testsuites>