<?xml version="1.0" encoding="utf-8"?><testsuites name="pytest tests"><testsuite name="pytest" errors="0" failures="1" skipped="0" tests="12" time="2.285" timestamp="2026-08-13T14:55:34.326053+00:00" hostname="agent-env-7c86d851-259e-473b-989f-34aa8ff73841"><testcase classname="backend.tests.test_observatory_phase1" name="test_observatory_access_public" time="0.138" /><testcase classname="backend.tests.test_observatory_phase1" name="test_observatory_memory" time="0.043" /><testcase classname="backend.tests.test_observatory_phase1" name="test_observatory_timeline" time="0.046" /><testcase classname="backend.tests.test_observatory_phase1" name="test_observatory_event_types" time="0.040" /><testcase classname="backend.tests.test_observatory_phase1" name="test_observatory_territories" time="0.033" /><testcase classname="backend.tests.test_observatory_phase1" name="test_observatory_sessions" time="0.037" /><testcase classname="backend.tests.test_observatory_phase1" name="test_observatory_actors" time="0.077" /><testcase classname="backend.tests.test_observatory_phase1" name="test_analytics_batch_normalizes" time="1.606" /><testcase classname="backend.tests.test_observatory_phase1" name="test_analytics_track_snake_case" time="0.081" /><testcase classname="backend.tests.test_observatory_phase1" name="test_regression_badges_types" time="0.035"><failure message="AssertionError: assert 15 == 14&#10; +  where 15 = len({'ART': 'Artiste', 'BNV': 'Benevole', 'EXP-B': 'Exposant Bronze', 'EXP-D': 'Exposant Diamond', ...})">backend/tests/test_observatory_phase1.py:180: in test_regression_badges_types
    assert len(d["types"]) == 14
E   AssertionError: assert 15 == 14
E    +  where 15 = len({'ART': 'Artiste', 'BNV': 'Benevole', 'EXP-B': 'Exposant Bronze', 'EXP-D': 'Exposant Diamond', ...})</failure></testcase><testcase classname="backend.tests.test_observatory_phase1" name="test_regression_gouvernance_stats" time="0.034" /><testcase classname="backend.tests.test_observatory_phase1" name="test_regression_badges_inscrire" time="0.041" /></testsuite></testsuites>