<?xml version="1.0" encoding="utf-8"?><testsuites name="pytest tests"><testsuite name="pytest" errors="0" failures="1" skipped="0" tests="30" time="3.920" timestamp="2026-08-13T15:12:48.528492+00:00" hostname="agent-env-7c86d851-259e-473b-989f-34aa8ff73841"><testcase classname="backend.tests.test_observatory_phase2.TestPublicNow" name="test_public_now_returns_200_anonymous" time="0.330" /><testcase classname="backend.tests.test_observatory_phase2.TestPublicNow" name="test_public_now_structure" time="0.097" /><testcase classname="backend.tests.test_observatory_phase2.TestPublicNow" name="test_public_now_no_pii" time="0.108" /><testcase classname="backend.tests.test_observatory_phase2" name="test_founder_endpoints_require_auth[/observatory/badges]" time="0.108" /><testcase classname="backend.tests.test_observatory_phase2" name="test_founder_endpoints_require_auth[/observatory/conversion]" time="0.209" /><testcase classname="backend.tests.test_observatory_phase2" name="test_founder_endpoints_require_auth[/observatory/network]" time="0.112" /><testcase classname="backend.tests.test_observatory_phase2" name="test_founder_endpoints_require_auth[/observatory/diffusion]" time="0.080" /><testcase classname="backend.tests.test_observatory_phase2" name="test_founder_endpoints_require_auth[/observatory/live]" time="0.076" /><testcase classname="backend.tests.test_observatory_phase2" name="test_founder_endpoints_require_auth[/observatory/mgraph]" time="0.106" /><testcase classname="backend.tests.test_observatory_phase2" name="test_founder_endpoints_require_auth[/observatory/signals]" time="0.256" /><testcase classname="backend.tests.test_observatory_phase2" name="test_smart_engine_endpoints_200[/smart-engine/dashboard]" time="0.085" /><testcase classname="backend.tests.test_observatory_phase2" name="test_smart_engine_endpoints_200[/smart-engine/mgraph]" time="0.085" /><testcase classname="backend.tests.test_observatory_phase2" name="test_smart_engine_endpoints_200[/smart-engine/predictive]" time="0.103" /><testcase classname="backend.tests.test_observatory_phase2" name="test_smart_engine_endpoints_200[/smart-engine/verified-identity]" time="0.125" /><testcase classname="backend.tests.test_observatory_phase2" name="test_smart_engine_endpoints_200[/smart-engine/live-audience]" time="0.101" /><testcase classname="backend.tests.test_observatory_phase2" name="test_smart_engine_endpoints_200[/smart-engine/creation-origin]" time="0.078" /><testcase classname="backend.tests.test_observatory_phase2" name="test_smart_engine_endpoints_200[/smart-engine/cultural-diffusion]" time="0.094" /><testcase classname="backend.tests.test_observatory_phase2" name="test_smart_engine_endpoints_200[/smart-engine/conversion]" time="0.102" /><testcase classname="backend.tests.test_observatory_phase2" name="test_smart_engine_endpoints_200[/smart-engine/creative-network]" time="0.094" /><testcase classname="backend.tests.test_observatory_phase2" name="test_phase1_endpoints_200[/observatory/access]" time="0.091" /><testcase classname="backend.tests.test_observatory_phase2" name="test_phase1_endpoints_200[/observatory/memory]" time="0.090" /><testcase classname="backend.tests.test_observatory_phase2" name="test_phase1_endpoints_200[/observatory/timeline]" time="0.103" /><testcase classname="backend.tests.test_observatory_phase2" name="test_phase1_endpoints_200[/observatory/event-types]" time="0.083" /><testcase classname="backend.tests.test_observatory_phase2" name="test_phase1_endpoints_200[/observatory/territories]" time="0.081" /><testcase classname="backend.tests.test_observatory_phase2" name="test_phase1_endpoints_200[/observatory/sessions]" time="0.084" /><testcase classname="backend.tests.test_observatory_phase2" name="test_collections_readonly_not_mutated" time="0.574" /><testcase classname="backend.tests.test_observatory_phase2" name="test_gouvernance_stats" time="0.093" /><testcase classname="backend.tests.test_observatory_phase2" name="test_analytics_health" time="0.093" /><testcase classname="backend.tests.test_observatory_phase2" name="test_analytics_site_stats" time="0.098" /><testcase classname="backend.tests.test_observatory_phase2" name="test_badges_inscrire_creates_badge" time="0.082"><failure message="AssertionError: {&quot;detail&quot;:[{&quot;type&quot;:&quot;missing&quot;,&quot;loc&quot;:[&quot;body&quot;,&quot;type_badge&quot;],&quot;msg&quot;:&quot;Field required&quot;,&quot;input&quot;:{&quot;prenom&quot;:&quot;TEST&quot;,&quot;nom&quot;:&quot;Phase2_a072cb&quot;,&quot;email&quot;:&quot;test_phase2_f66798@example.com&quot;,&quot;organisation&quot;:&quot;TEST_ORG_PHASE2&quot;,&quot;role&quot;:&quot;artist&quot;,&quot;pays&quot;:&quot;France&quot;},&quot;url&quot;:&quot;https://errors.pydantic.dev/2.12/v/missing&quot;}]}&#10;assert 422 in (200, 201)&#10; +  where 422 = &lt;Response [422]&gt;.status_code">backend/tests/test_observatory_phase2.py:176: in test_badges_inscrire_creates_badge
    assert r.status_code in (200, 201), r.text[:300]
E   AssertionError: {"detail":[{"type":"missing","loc":["body","type_badge"],"msg":"Field required","input":{"prenom":"TEST","nom":"Phase2_a072cb","email":"test_phase2_f66798@example.com","organisation":"TEST_ORG_PHASE2","role":"artist","pays":"France"},"url":"https://errors.pydantic.dev/2.12/v/missing"}]}
E   assert 422 in (200, 201)
E    +  where 422 = &lt;Response [422]&gt;.status_code</failure></testcase></testsuite></testsuites>